<?xml version="1.0" encoding="UTF-8"?>
<testng-results ignored="0" total="1" passed="1" failed="0" skipped="0">
  <reporter-output>
  </reporter-output>
  <suite started-at="2023-12-18T22:23:36 IST" name="Default suite" finished-at="2023-12-18T22:23:41 IST" duration-ms="5096">
    <groups>
    </groups>
    <test started-at="2023-12-18T22:23:36 IST" name="Default test" finished-at="2023-12-18T22:23:41 IST" duration-ms="5096">
      <class name="companies.TC_006_MulitSelect_Test">
        <test-method signature="MultiSelect()[pri:0, instance:companies.TC_006_MulitSelect_Test@75d3a5e0]" started-at="2023-12-18T22:23:36 IST" name="MultiSelect" finished-at="2023-12-18T22:23:41 IST" duration-ms="5053" status="PASS">
          <reporter-output>
          </reporter-output>
        </test-method> <!-- MultiSelect -->
      </class> <!-- companies.TC_006_MulitSelect_Test -->
    </test> <!-- Default test -->
  </suite> <!-- Default suite -->
</testng-results>
