<?xml version="1.0" encoding="UTF-8"?>
<!-- Generated by org.testng.reporters.JUnitXMLReporter -->
<testsuite ignored="0" hostname="TYSS-Lini-B-Asok" failures="1" tests="3" name="chromeTest" time="8.419" errors="0" timestamp="2023-12-16T08:07:14 IST">
  <testcase classname="My_practice2.DataProvide_Test" name="Login" time="4.679"/>
  <testcase classname="My_practice2.DataProvide_Test" name="Login" time="2.812"/>
  <testcase classname="My_practice2.Cross_Test" name="Cross_Browsing" time="0.868">
    <failure type="java.lang.NullPointerException">
      <![CDATA[java.lang.NullPointerException
at My_practice2.Cross_Test.Cross_Browsing(Cross_Test.java:23)
at java.base/java.util.ArrayList.forEach(ArrayList.java:1541)
at java.base/java.util.concurrent.FutureTask.run(FutureTask.java:264)
at java.base/java.util.concurrent.ThreadPoolExecutor.runWorker(ThreadPoolExecutor.java:1128)
at java.base/java.util.concurrent.ThreadPoolExecutor$Worker.run(ThreadPoolExecutor.java:628)
at java.base/java.lang.Thread.run(Thread.java:829)
... Removed 17 stack frames]]>
    </failure>
  </testcase> <!-- Cross_Browsing -->
</testsuite> <!-- chromeTest -->
